
ROM used:   232/8192 (3%)
            232/8192 (3%) including unused fragments

            0.3 Average locations per line
            6.4 Average locations per statement

RAM used:   12/368 (3%) at main() level
            16/368 (4%) worst case

Stack used: 0 worst case (0 in main + 0 for interrupts)
Stack size: 8

Lines Stmts  %   Files
----- ----- ---  -----
   60    36 100  main.c
  661     0   0  ..\..\..\..\..\Program Files (x86)\PICC\Devices\16f877a.h
----- -----
  721    36 Total

Page ROM  %  RAM   Vol Diff  Functions:
---- --- --- ---   --- ----  ----------
0     20   9    1             @delay_ms1
0    105  45    1   544  2.9  main
0     32  14    2   123  2.6  bin2dec
0     21   9    3             @DIV88
0     36  16    1   340  3.2  bcd2_7seg
0     14   6    0             @goto10594
 Inline         0             @cinit1

Program metrics:
    Functions               3
    Statements              36
    Comments                110
    Volume (V)              1295
    Difficulty (D)          8.5
    Effort to implement (E) 10953
    Time to implement (T)   10 minutes
    Est Delivered Bugs (B)  0
    Cyclomatic Complexity   10
    Maintainability (MI)    101

 Segment     Used  Free
-----------  ----  ----
00000-00003     4  0  
00004-007FF   228  1816  
00800-00FFF     0  2048  
01000-017FF     0  2048  
01800-01FFF     0  2048  



